============================= test session starts ==============================
platform linux -- Python 3.9.19, pytest-8.3.3, pluggy-1.5.0
rootdir: /tmp/exogibbs-m1-chemistry
configfile: pyproject.toml
plugins: jaxtyping-0.2.36, asdf-3.4.0, anyio-3.7.1
collected 1413 items

tests/unittests/api/chemistry_bvector_test.py .                          [  0%]
tests/unittests/api/chemsetup_smoke_test.py ........                     [  0%]
tests/unittests/api/condensate_equilibrium_profile_test.py ............. [  1%]
.............................................                            [  4%]
tests/unittests/api/condensate_equilibrium_test.py ..................... [  6%]
..                                                                       [  6%]
tests/unittests/api/condensate_production_route_contract_test.py ..      [  6%]
tests/unittests/api/condensate_rainout_profile_test.py ................. [  7%]
...........                                                              [  8%]
tests/unittests/api/equilibrium_api_test.py ...................          [  9%]
tests/unittests/api/equilibrium_jit_grad_test.py ..                      [  9%]
tests/unittests/api/equilibrium_profile_test.py ..............           [ 10%]
tests/unittests/api/public_import_contract_test.py ........              [ 11%]
tests/unittests/api/version_test.py s.                                   [ 11%]
tests/unittests/applications/magma_gas/solve_test.py ...                 [ 11%]
tests/unittests/architecture/dependency_boundaries_test.py ...........   [ 12%]
tests/unittests/benchmarks/curated_profiles_test.py .....                [ 13%]
tests/unittests/benchmarks/documented_examples_benchmark_test.py ....... [ 13%]
.........................                                                [ 15%]
tests/unittests/benchmarks/fastchem4_comparison_test.py .......          [ 15%]
tests/unittests/benchmarks/fastchem4_examples_test.py .................. [ 17%]
..........                                                               [ 17%]
tests/unittests/benchmarks/fastchem4_executable_test.py ................ [ 18%]
...........                                                              [ 19%]
tests/unittests/benchmarks/fastchem4_runner_test.py .................... [ 21%]
.....                                                                    [ 21%]
tests/unittests/benchmarks/fe_fes_rainout_demo_test.py .....             [ 21%]
tests/unittests/benchmarks/fixed_support_v1_archive_test.py ..           [ 21%]
tests/unittests/benchmarks/fixed_support_v2_production_profile_test.py . [ 22%]
.....                                                                    [ 22%]
tests/unittests/benchmarks/ito_2025_comparison_test.py ................. [ 23%]
...........                                                              [ 24%]
tests/unittests/benchmarks/ldwarf_repeated_benchmark_test.py ........    [ 24%]
tests/unittests/benchmarks/rocky_raccoon_boundary_corpus_test.py ....... [ 25%]
.......                                                                  [ 25%]
tests/unittests/benchmarks/rocky_raccoon_trace_mg_example_test.py ...... [ 26%]
........................                                                 [ 28%]
tests/unittests/benchmarks/run_profile_test.py ......                    [ 28%]
tests/unittests/benchmarks/solar_metal_sulfide_initializer_test.py ...   [ 28%]
tests/unittests/benchmarks/visscher_2010_silicate_competition_test.py .. [ 28%]
........                                                                 [ 29%]
tests/unittests/benchmarks/visscher_morley_condensation_test.py ........ [ 29%]
..                                                                       [ 30%]
tests/unittests/condensates/fixed_support_payload_test.py ...            [ 30%]
tests/unittests/condensates/initialization_policy_test.py .............. [ 31%]
..............                                                           [ 32%]
tests/unittests/condensates/native_bundle_test.py ................       [ 33%]
tests/unittests/condensates/support_selection_policy_test.py ....        [ 33%]
tests/unittests/equilibrium/condensate/acceptance_test.py ...            [ 33%]
tests/unittests/equilibrium/condensate/fixed_support/autodiff_test.py .. [ 34%]
..........                                                               [ 34%]
tests/unittests/equilibrium/condensate/fixed_support/boundary_consistency_test.py . [ 34%]
...............                                                          [ 35%]
tests/unittests/equilibrium/condensate/fixed_support/continuation_test.py . [ 35%]
..............                                                           [ 36%]
tests/unittests/equilibrium/condensate/fixed_support/controller_test.py . [ 37%]
..............                                                           [ 38%]
tests/unittests/equilibrium/condensate/fixed_support/ito_2025_trace_oxygen_test.py . [ 38%]
.....                                                                    [ 38%]
tests/unittests/equilibrium/condensate/fixed_support/m1_test.py ......   [ 38%]
tests/unittests/equilibrium/condensate/fixed_support/problem_test.py ... [ 39%]
.                                                                        [ 39%]
tests/unittests/equilibrium/condensate/fixed_support/profile_test.py ... [ 39%]
.......................                                                  [ 40%]
tests/unittests/equilibrium/condensate/fixed_support/restoration_test.py . [ 41%]
...........                                                              [ 41%]
tests/unittests/equilibrium/condensate/fixed_support/rocky_raccoon_trace_mg_test.py . [ 41%]
.                                                                        [ 41%]
tests/unittests/equilibrium/condensate/fixed_support/soc_test.py ....... [ 42%]
.....                                                                    [ 42%]
tests/unittests/equilibrium/condensate/fixed_support/zero_barrier_test.py . [ 42%]
........................................................................ [ 47%]
..........................................................               [ 52%]
tests/unittests/equilibrium/condensate/initialization_test.py .......... [ 52%]
..............                                                           [ 53%]
tests/unittests/equilibrium/condensate/inventory_bridge_test.py ......   [ 54%]
tests/unittests/equilibrium/condensate/policy_test.py ..                 [ 54%]
tests/unittests/equilibrium/condensate/rainout_numerics_test.py ....     [ 54%]
tests/unittests/equilibrium/condensate/results_test.py .                 [ 54%]
tests/unittests/equilibrium/condensate/support_geometry_test.py ........ [ 55%]
..............                                                           [ 56%]
tests/unittests/equilibrium/gas/fugacity_test.py ......                  [ 56%]
tests/unittests/equilibrium/gas/grid/service_test.py ................... [ 58%]
...........................                                              [ 59%]
tests/unittests/equilibrium/gas/kernel/equations_test.py .               [ 60%]
tests/unittests/equilibrium/gas/kernel/hcosystem_test.py .               [ 60%]
tests/unittests/equilibrium/gas/kernel/solver_test.py .........          [ 60%]
tests/unittests/equilibrium/gas/kernel/vmap_test.py ..                   [ 60%]
tests/unittests/examples/exoeos_pure_fugacity_test.py .....              [ 61%]
tests/unittests/examples/m1_chemistry_test.py .................          [ 62%]
tests/unittests/examples/metal_silicate_archive_test.py ................ [ 63%]
......                                                                   [ 63%]
tests/unittests/examples/metal_silicate_cns_support_test.py ............ [ 64%]
...............................                                          [ 67%]
tests/unittests/examples/metal_silicate_full_potential_test.py .......   [ 67%]
tests/unittests/examples/metal_silicate_gas_exchange_test.py ........... [ 68%]
......                                                                   [ 68%]
tests/unittests/examples/metal_silicate_helium_source_test.py .......... [ 69%]
............                                                             [ 70%]
tests/unittests/examples/metal_silicate_hydrogen_test.py ...........     [ 71%]
tests/unittests/examples/metal_silicate_local_test.py ................   [ 72%]
tests/unittests/examples/metal_silicate_melts_archive_test.py ....       [ 72%]
tests/unittests/examples/metal_silicate_melts_coupled_test.py .......... [ 73%]
.......                                                                  [ 73%]
tests/unittests/examples/metal_silicate_native_test.py ........          [ 74%]
tests/unittests/examples/metal_silicate_reference_test.py .............. [ 75%]
....                                                                     [ 75%]
tests/unittests/examples/metal_silicate_source_test.py ...............   [ 76%]
tests/unittests/examples/metal_silicate_sulfide_test.py ................ [ 77%]
...............                                                          [ 78%]
tests/unittests/examples/metal_silicate_sulfur_source_test.py .......... [ 79%]
.....                                                                    [ 79%]
tests/unittests/examples/vjp_retrieval_common_test.py ......             [ 80%]
tests/unittests/examples/vjp_retrieval_condensate_test.py ..........     [ 80%]
tests/unittests/experimental/magma_gas/float32_test.py .                 [ 81%]
tests/unittests/experimental/magma_gas/meltyq_basis_test.py ...........  [ 81%]
tests/unittests/experimental/magma_gas/setup_test.py ........            [ 82%]
tests/unittests/experimental/magma_gas/solve_test.py .................   [ 83%]
tests/unittests/interop/exoeos_solution_test.py ........................ [ 85%]
..........                                                               [ 85%]
tests/unittests/interop/exoeos_test.py .......                           [ 86%]
tests/unittests/io/distribution_policy_test.py ...                       [ 86%]
tests/unittests/io/formula_matrix_reference_vs_computed_test.py .        [ 86%]
tests/unittests/io/load_data_test.py ........                            [ 87%]
tests/unittests/presets/fastchem4_preset_test.py ...........             [ 88%]
tests/unittests/presets/fastchem_cond_test.py .....                      [ 88%]
tests/unittests/presets/fastchem_test.py ........                        [ 89%]
tests/unittests/presets/magma_gas_test.py ..                             [ 89%]
tests/unittests/solubility/meltyq_test.py .............................. [ 91%]
..........................                                               [ 93%]
tests/unittests/thermo/composition_test.py ................              [ 94%]
tests/unittests/thermo/fugacity_helper_test.py ....                      [ 94%]
tests/unittests/thermo/gibbs_test.py ......                              [ 94%]
tests/unittests/thermo/oxygen_fugacity_test.py ............              [ 95%]
tests/unittests/thermo/potential_test.py .......                         [ 96%]
tests/unittests/thermo/stoichiometry_test.py ..                          [ 96%]
tests/unittests/utils/interpolation_test.py ............................ [ 98%]
....                                                                     [ 98%]
tests/unittests/utils/nameparser_test.py .....                           [ 99%]
tests/unittests/utils/nonzeromath_test.py ....                           [ 99%]
tests/unittests/utils/units_test.py .........                            [100%]

=============================== warnings summary ===============================
tests/unittests/benchmarks/rocky_raccoon_trace_mg_example_test.py: 12 warnings
  /home/kawahara/anaconda3/envs/myenv39/lib/python3.9/site-packages/scipy/optimize/_lsq/common.py:115: RuntimeWarning: overflow encountered in power
    phi_prime = -np.sum(suf ** 2 / denom**3) / p_norm

tests/unittests/benchmarks/rocky_raccoon_trace_mg_example_test.py: 12 warnings
  /home/kawahara/anaconda3/envs/myenv39/lib/python3.9/site-packages/scipy/optimize/_lsq/common.py:154: RuntimeWarning: divide by zero encountered in scalar divide
    ratio = phi / phi_prime

-- Docs: https://docs.pytest.org/en/stable/how-to/capture-warnings.html
- generated xml file: /tmp/exogibbs-m1-chemistry/results/m1_chemistry/pytest.xml -
========== 1412 passed, 1 skipped, 24 warnings in 1310.77s (0:21:50) ===========

FastChem initialisation summary:
  number of species: 523    elements: 28    molecules: 495    condensates: 0


FastChem initialisation summary:
  number of species: 523    elements: 28    molecules: 495    condensates: 0


FastChem initialisation summary:
  number of species: 523    elements: 28    molecules: 495    condensates: 0

